('104', (912.0, 37), (1315.0, 33))
('105', (484.0, 33), (887.0, 37))
('121', (424.0, 33), (650.0, 54))
('122', (989.0, 54), (1226.0, 33))
('123', (634.0, 33), (870.0, 54))
('124', (809.0, 54), (1046.0, 33))
('125', (754.0, 33), (990.0, 54))
('126', (689.0, 54), (926.0, 33))
('127', (874.0, 33), (1110.0, 54))
('128', (569.0, 54), (806.0, 33))
('129', (994.0, 33), (1230.0, 54))
('140', (987.0, 159), (1379.0, 33))
('141', (422.0, 33), (793.0, 160))
('142', (883.0, 160), (1259.0, 33))
('143', (542.0, 33), (932.0, 159))
('144', (747.0, 159), (1139.0, 33))
('145', (662.0, 33), (1052.0, 159))
('146', (626.0, 159), (1019.0, 33))
('147', (782.0, 33), (1172.0, 159))
('148', (507.0, 159), (899.0, 33))
('149', (902.0, 33), (1292.0, 159))
('222', (310.0, 54), (566.0, 33))
('226', (449.0, 54), (686.0, 33))
('227', (1114.0, 33), (1350.0, 54))
('240', (386.0, 159), (779.0, 33))
('241', (1022.0, 33), (1278.0, 164))
('242', (400.0, 164), (659.0, 33))
('243', (1142.0, 33), (1278.0, 169))
('2012', (374.0, 81), (412.0, 58))
('2014', (404.0, 81), (442.0, 58))
('2016', (434.0, 81), (472.0, 58))
('2018', (464.0, 81), (502.0, 58))
('2020', (494.0, 81), (532.0, 58))
('2021', (369.0, 58), (406.0, 81))
('2022', (524.0, 81), (562.0, 58))
('2023', (399.0, 58), (436.0, 81))
('2024', (554.0, 81), (592.0, 58))
('2025', (429.0, 58), (466.0, 81))
('2026', (584.0, 81), (622.0, 58))
('2027', (459.0, 58), (496.0, 81))
('2028', (614.0, 81), (652.0, 58))
('2029', (489.0, 58), (526.0, 81))
('2030', (644.0, 81), (682.0, 58))
('2031', (519.0, 58), (556.0, 81))
('2032', (674.0, 81), (712.0, 58))
('2033', (549.0, 58), (586.0, 81))
('2034', (704.0, 81), (742.0, 58))
('2035', (579.0, 58), (616.0, 81))
('2036', (734.0, 81), (772.0, 58))
('2037', (609.0, 58), (646.0, 81))
('2038', (764.0, 81), (802.0, 58))
('2039', (639.0, 58), (676.0, 81))
('2040', (794.0, 81), (832.0, 58))
('2041', (669.0, 58), (706.0, 81))
('2042', (824.0, 81), (862.0, 58))
('2043', (699.0, 58), (736.0, 81))
('2044', (854.0, 81), (892.0, 58))
('2045', (729.0, 58), (766.0, 81))
('2046', (884.0, 81), (922.0, 58))
('2047', (759.0, 58), (796.0, 81))
('2048', (914.0, 81), (952.0, 58))
('2049', (789.0, 58), (826.0, 81))
('2050', (944.0, 81), (982.0, 58))
('2051', (819.0, 58), (856.0, 81))
('2052', (974.0, 81), (1012.0, 58))
('2053', (849.0, 58), (886.0, 81))
('2054', (1004.0, 81), (1042.0, 58))
('2055', (879.0, 58), (916.0, 81))
('2056', (1034.0, 81), (1072.0, 58))
('2057', (909.0, 58), (946.0, 81))
('2058', (1064.0, 81), (1102.0, 58))
('2059', (939.0, 58), (976.0, 81))
('2060', (1094.0, 81), (1132.0, 58))
('2061', (969.0, 58), (1006.0, 81))
('2062', (1124.0, 81), (1162.0, 58))
('2063', (999.0, 58), (1036.0, 81))
('2064', (1154.0, 81), (1192.0, 58))
('2065', (1029.0, 58), (1066.0, 81))
('2066', (1184.0, 81), (1222.0, 58))
('2067', (1059.0, 58), (1096.0, 81))
('2068', (1214.0, 81), (1252.0, 58))
('2069', (1089.0, 58), (1126.0, 81))
('2070', (1244.0, 81), (1282.0, 58))
('2071', (1119.0, 58), (1156.0, 81))
('2072', (1274.0, 81), (1312.0, 58))
('2073', (1149.0, 58), (1186.0, 81))
('2074', (1304.0, 81), (1342.0, 58))
('2075', (1179.0, 58), (1216.0, 81))
('2077', (1209.0, 58), (1246.0, 81))
('2079', (1239.0, 58), (1276.0, 81))
('3112', (358.0, 81), (389.0, 128))
('3114', (346.0, 27), (419.0, 128))
('3116', (376.0, 27), (449.0, 128))
('3117', (368.0, 81), (422.0, 74))
('3118', (387.0, 74), (479.0, 128))
('3119', (398.0, 81), (452.0, 74))
('3120', (417.0, 74), (509.0, 128))
('8810', (353.0, 8), (367.0, 112))
('8812', (355.0, 81), (397.0, 111))
('8814', (385.0, 81), (427.0, 111))
('8816', (415.0, 81), (457.0, 111))
('8818', (445.0, 81), (487.0, 111))
('8819', (352.0, 111), (395.0, 81))
('8820', (475.0, 81), (517.0, 111))
('8821', (382.0, 111), (425.0, 81))
('8822', (505.0, 81), (547.0, 111))
('8823', (412.0, 111), (455.0, 81))
('8824', (535.0, 81), (577.0, 111))
('8825', (442.0, 111), (485.0, 81))
('8826', (565.0, 81), (607.0, 111))
('8827', (472.0, 111), (515.0, 81))
('8828', (595.0, 81), (637.0, 111))
('8829', (502.0, 111), (545.0, 81))
('8830', (625.0, 81), (667.0, 111))
('8831', (532.0, 111), (575.0, 81))
('8832', (655.0, 81), (697.0, 111))
('8833', (562.0, 111), (605.0, 81))
('8834', (685.0, 81), (727.0, 111))
('8835', (592.0, 111), (635.0, 81))
('8836', (715.0, 81), (757.0, 111))
('8837', (622.0, 111), (665.0, 81))
('8838', (745.0, 81), (787.0, 111))
('8839', (652.0, 111), (695.0, 81))
('8840', (775.0, 81), (817.0, 111))
('8841', (682.0, 111), (725.0, 81))
('8842', (805.0, 81), (847.0, 111))
('8843', (712.0, 111), (755.0, 81))
('8844', (835.0, 81), (877.0, 111))
('8845', (742.0, 111), (785.0, 81))
('8846', (865.0, 81), (907.0, 111))
('8847', (772.0, 111), (815.0, 81))
('8848', (895.0, 81), (937.0, 111))
('8849', (802.0, 111), (845.0, 81))
('8850', (925.0, 81), (967.0, 111))
('8851', (832.0, 111), (875.0, 81))
('8852', (955.0, 81), (997.0, 111))
('8853', (862.0, 111), (905.0, 81))
('8854', (985.0, 81), (1027.0, 111))
('8855', (892.0, 111), (935.0, 81))
('8856', (1015.0, 81), (1057.0, 111))
('8857', (922.0, 111), (965.0, 81))
('8858', (1045.0, 81), (1087.0, 111))
('8859', (952.0, 111), (995.0, 81))
('8860', (1075.0, 81), (1117.0, 111))
('8861', (982.0, 111), (1025.0, 81))
('8862', (1105.0, 81), (1147.0, 111))
('8863', (1012.0, 111), (1055.0, 81))
('8864', (1135.0, 81), (1177.0, 111))
('8865', (1042.0, 111), (1085.0, 81))
('8866', (1165.0, 81), (1207.0, 111))
('8867', (1072.0, 111), (1115.0, 81))
('8868', (1195.0, 81), (1237.0, 111))
('8869', (1102.0, 111), (1145.0, 81))
('8870', (1225.0, 81), (1267.0, 111))
('8871', (1132.0, 111), (1175.0, 81))
('8872', (1255.0, 81), (1297.0, 111))
('8873', (1162.0, 111), (1205.0, 81))
('8874', (1285.0, 81), (1327.0, 111))
('8875', (1192.0, 111), (1235.0, 81))
('8876', (1315.0, 81), (1357.0, 111))
('8877', (1222.0, 111), (1265.0, 81))
('8878', (1345.0, 81), (1387.0, 111))
('8879', (1252.0, 111), (1295.0, 81))
('8880', (1375.0, 81), (1417.0, 111))
('8881', (1282.0, 111), (1325.0, 81))
('8882', (1405.0, 81), (1447.0, 111))
('8883', (1312.0, 111), (1355.0, 81))
('8884', (1435.0, 81), (1477.0, 111))
('8885', (1342.0, 111), (1385.0, 81))
('8886', (1465.0, 81), (1507.0, 111))
('8887', (1372.0, 111), (1415.0, 81))
('8889', (1402.0, 111), (1445.0, 81))
('8891', (1432.0, 111), (1475.0, 81))
('8893', (1462.0, 111), (1505.0, 81))
('8895', (1492.0, 111), (1535.0, 81))
('9514', (422.0, 20), (441.0, 8))
('9516', (452.0, 20), (471.0, 8))
('9518', (482.0, 20), (501.0, 8))
('9520', (512.0, 20), (531.0, 8))
('9521', (428.0, 8), (448.0, 20))
('9522', (542.0, 20), (561.0, 8))
('9523', (458.0, 8), (478.0, 20))
('9524', (572.0, 20), (591.0, 8))
('9525', (488.0, 8), (508.0, 20))
('9526', (602.0, 20), (621.0, 8))
('9527', (518.0, 8), (538.0, 20))
('9528', (632.0, 20), (651.0, 8))
('9529', (548.0, 8), (568.0, 20))
('9530', (662.0, 20), (681.0, 8))
('9531', (578.0, 8), (598.0, 20))
('9532', (692.0, 20), (711.0, 8))
('9533', (608.0, 8), (628.0, 20))
('9534', (722.0, 20), (741.0, 8))
('9535', (638.0, 8), (658.0, 20))
('9536', (752.0, 20), (771.0, 8))
('9537', (668.0, 8), (688.0, 20))
('9538', (782.0, 20), (801.0, 8))
('9539', (698.0, 8), (718.0, 20))
('9540', (812.0, 20), (831.0, 8))
('9541', (728.0, 8), (748.0, 20))
('9542', (842.0, 20), (861.0, 8))
('9543', (758.0, 8), (778.0, 20))
('9544', (872.0, 20), (891.0, 8))
('9545', (788.0, 8), (808.0, 20))
('9546', (902.0, 20), (921.0, 8))
('9547', (818.0, 8), (838.0, 20))
('9548', (932.0, 20), (951.0, 8))
('9549', (848.0, 8), (868.0, 20))
('9550', (962.0, 20), (981.0, 8))
('9551', (878.0, 8), (898.0, 20))
('9552', (992.0, 20), (1011.0, 8))
('9553', (908.0, 8), (928.0, 20))
('9554', (1022.0, 20), (1041.0, 8))
('9555', (938.0, 8), (958.0, 20))
('9556', (1052.0, 20), (1071.0, 8))
('9557', (968.0, 8), (988.0, 20))
('9558', (1082.0, 20), (1101.0, 8))
('9559', (998.0, 8), (1018.0, 20))
('9560', (1112.0, 20), (1131.0, 8))
('9561', (1028.0, 8), (1048.0, 20))
('9562', (1142.0, 20), (1161.0, 8))
('9563', (1058.0, 8), (1078.0, 20))
('9564', (1172.0, 20), (1191.0, 8))
('9565', (1088.0, 8), (1108.0, 20))
('9566', (1202.0, 20), (1221.0, 8))
('9567', (1118.0, 8), (1138.0, 20))
('9568', (1232.0, 20), (1251.0, 8))
('9569', (1148.0, 8), (1168.0, 20))
('9570', (1262.0, 20), (1281.0, 8))
('9571', (1178.0, 8), (1198.0, 20))
('9572', (1292.0, 20), (1311.0, 8))
('9573', (1208.0, 8), (1228.0, 20))
('9574', (1322.0, 20), (1341.0, 8))
('9575', (1238.0, 8), (1258.0, 20))
('9576', (1352.0, 20), (1371.0, 8))
('9577', (1268.0, 8), (1288.0, 20))
('9578', (1382.0, 20), (1401.0, 8))
('9579', (1298.0, 8), (1318.0, 20))
('9580', (1412.0, 20), (1431.0, 8))
('9581', (1328.0, 8), (1348.0, 20))
('9582', (1442.0, 20), (1461.0, 8))
('9583', (1358.0, 8), (1378.0, 20))
('9584', (1472.0, 20), (1491.0, 8))
('9585', (1388.0, 8), (1408.0, 20))
('9587', (1418.0, 8), (1438.0, 20))
('9589', (1448.0, 8), (1468.0, 20))
('9591', (1478.0, 8), (1498.0, 20))
('19510', (378.0, 20), (411.0, 112))
('19512', (408.0, 20), (441.0, 112))
('19514', (438.0, 20), (471.0, 112))
('19515', (353.0, 8), (373.0, 20))
('19516', (468.0, 20), (501.0, 112))
('19517', (368.0, 117), (403.0, 20))
('19518', (498.0, 20), (531.0, 112))
('19519', (398.0, 112), (433.0, 20))
('19520', (528.0, 20), (561.0, 112))
('19521', (428.0, 112), (463.0, 20))
('19522', (558.0, 20), (591.0, 112))
('19523', (458.0, 112), (493.0, 20))
('19525', (488.0, 112), (523.0, 20))
('19527', (518.0, 112), (553.0, 20))
('19529', (548.0, 112), (583.0, 20))
('19531', (578.0, 112), (591.0, 8))
('19546', (908.0, 8), (921.0, 112))
('19548', (918.0, 20), (951.0, 112))
('19550', (948.0, 20), (981.0, 112))
('19552', (978.0, 20), (1011.0, 112))
('19553', (908.0, 112), (943.0, 20))
('19554', (1008.0, 20), (1041.0, 112))
('19555', (938.0, 112), (973.0, 20))
('19556', (1038.0, 20), (1071.0, 112))
('19557', (968.0, 112), (1003.0, 20))
('19558', (1068.0, 20), (1101.0, 112))
('19559', (998.0, 112), (1033.0, 20))
('19560', (1098.0, 20), (1131.0, 112))
('19561', (1028.0, 112), (1063.0, 20))
('19562', (1128.0, 20), (1161.0, 112))
('19563', (1058.0, 112), (1093.0, 20))
('19564', (1158.0, 20), (1191.0, 112))
('19565', (1088.0, 112), (1123.0, 20))
('19567', (1118.0, 112), (1153.0, 20))
('19569', (1148.0, 112), (1183.0, 20))
('19571', (1178.0, 112), (1191.0, 8))
('70105', (446.0, 154), (454.0, 33))
('70121', (379.0, 154), (388.0, 33))
('70122', (1242.0, 33), (1250.0, 154))
('80203', (317.0, 24), (360.0, 117))
('80204', (1169.0, 1), (1199.0, 24))
('80205', (1199.0, 112), (1240.0, 24))
('80286', (1494.0, 8), (1541.0, 24))
('80291', (1505.0, 20), (1528.0, 24))
('80310', (299.0, 24), (351.0, 8))
